{
  "stats": {
    "suites": 1,
    "tests": 1,
    "passes": 1,
    "pending": 0,
    "failures": 0,
    "start": "2023-04-24T20:02:29.031Z",
    "end": "2023-04-24T20:02:32.861Z",
    "duration": 3830,
    "testsRegistered": 1,
    "passPercent": 100,
    "pendingPercent": 0,
    "other": 0,
    "hasOther": false,
    "skipped": 0,
    "hasSkipped": false
  },
  "results": [
    {
      "uuid": "57d8bca2-1bea-49a2-bc32-0b73a18584a6",
      "title": "",
      "fullFile": "cypress\\e2e\\Tests\\test1.cy.js",
      "file": "cypress\\e2e\\Tests\\test1.cy.js",
      "beforeHooks": [],
      "afterHooks": [],
      "tests": [],
      "suites": [
        {
          "uuid": "e70dc03d-461a-4c03-b596-fb94f5de18ef",
          "title": "First_test",
          "fullFile": "",
          "file": "",
          "beforeHooks": [],
          "afterHooks": [],
          "tests": [
            {
              "title": "website_visits",
              "fullTitle": "First_test website_visits",
              "timedOut": null,
              "duration": 1760,
              "state": "passed",
              "speed": "fast",
              "pass": true,
              "fail": false,
              "pending": false,
              "context": null,
              "code": "cy.visit('https://www.doogler.in/');",
              "err": {},
              "uuid": "e93e7cf8-76a8-4b59-adda-a24d0a3fa5c6",
              "parentUUID": "e70dc03d-461a-4c03-b596-fb94f5de18ef",
              "isHook": false,
              "skipped": false
            }
          ],
          "suites": [],
          "passes": [
            "e93e7cf8-76a8-4b59-adda-a24d0a3fa5c6"
          ],
          "failures": [],
          "pending": [],
          "skipped": [],
          "duration": 1760,
          "root": false,
          "rootEmpty": false,
          "_timeout": 2000
        }
      ],
      "passes": [],
      "failures": [],
      "pending": [],
      "skipped": [],
      "duration": 0,
      "root": true,
      "rootEmpty": true,
      "_timeout": 2000
    }
  ],
  "meta": {
    "mocha": {
      "version": "7.0.1"
    },
    "mochawesome": {
      "options": {
        "quiet": false,
        "reportFilename": "test-results",
        "saveHtml": true,
        "saveJson": true,
        "consoleReporter": "spec",
        "useInlineDiffs": false,
        "code": true
      },
      "version": "6.1.1"
    },
    "marge": {
      "options": {
        "reportDir": "cypress/reports/mochawesome",
        "reportFilename": "test-results"
      },
      "version": "5.1.0"
    }
  }
}